<?xml version="1.0" encoding="UTF-8"?>
<testsuite name="dev.nasim.servicetests.ExpenseServiceTests" tests="6" skipped="0" failures="0" errors="0" timestamp="2021-03-15T16:13:21" hostname="DESKTOP-VIVNP85" time="0.789">
  <properties/>
  <testcase name="create_expense()" classname="dev.nasim.servicetests.ExpenseServiceTests" time="0.751"/>
  <testcase name="get_expense_by_id()" classname="dev.nasim.servicetests.ExpenseServiceTests" time="0.006"/>
  <testcase name="get_all_expenses()" classname="dev.nasim.servicetests.ExpenseServiceTests" time="0.007"/>
  <testcase name="approve_expense()" classname="dev.nasim.servicetests.ExpenseServiceTests" time="0.007"/>
  <testcase name="deny_expense()" classname="dev.nasim.servicetests.ExpenseServiceTests" time="0.004"/>
  <testcase name="delete_expense()" classname="dev.nasim.servicetests.ExpenseServiceTests" time="0.005"/>
  <system-out><![CDATA[Expense{expenseId=1, amount=100, employeeReason='refund', status='pending', dateSubmitted=1615824802157, dateReviewed=0, managerReason='null', employeeId=1, managerId=0}
Expense{expenseId=1, amount=100, employeeReason='refund', status='pending', dateSubmitted=1615824802157, dateReviewed=0, managerReason='null', employeeId=1, managerId=0}
[Expense{expenseId=1, amount=100, employeeReason='refund', status='pending', dateSubmitted=1615824802157, dateReviewed=0, managerReason='null', employeeId=1, managerId=0}]
Expense{expenseId=1, amount=100, employeeReason='refund', status='approved', dateSubmitted=1615824802157, dateReviewed=1615824802204, managerReason='cuz im nice', employeeId=1, managerId=1}
Expense{expenseId=1, amount=100, employeeReason='refund', status='denied', dateSubmitted=1615824802157, dateReviewed=1615824802210, managerReason='cuz im mean', employeeId=1, managerId=1}
]]></system-out>
  <system-err><![CDATA[]]></system-err>
</testsuite>
